This is pdfTeX, Version 3.14159265-2.6-1.40.18 (TeX Live 2017) (preloaded format=pdflatex 2017.10.23)  27 FEB 2018 12:22
entering extended mode
 restricted \write18 enabled.
 %&-line parsing enabled.
**"GP CNNs and Variance.tex"
(./GP CNNs and Variance.tex
LaTeX2e <2017-04-15>
Babel <3.14> and hyphenation patterns for 84 language(s) loaded.
(/usr/local/texlive/2017/texmf-dist/tex/latex/base/article.cls
Document Class: article 2014/09/29 v1.4h Standard LaTeX document class
(/usr/local/texlive/2017/texmf-dist/tex/latex/base/size10.clo
File: size10.clo 2014/09/29 v1.4h Standard LaTeX file (size option)
)
\c@part=\count79
\c@section=\count80
\c@subsection=\count81
\c@subsubsection=\count82
\c@paragraph=\count83
\c@subparagraph=\count84
\c@figure=\count85
\c@table=\count86
\abovecaptionskip=\skip41
\belowcaptionskip=\skip42
\bibindent=\dimen102
)
(/usr/local/texlive/2017/texmf-dist/tex/latex/microtype/microtype.sty
Package: microtype 2017/07/07 v2.7 Micro-typographical refinements (RS)

(/usr/local/texlive/2017/texmf-dist/tex/latex/graphics/keyval.sty
Package: keyval 2014/10/28 v1.15 key=value parser (DPC)
\KV@toks@=\toks14
)
\MT@toks=\toks15
\MT@count=\count87
LaTeX Info: Redefining \textls on input line 789.
\MT@outer@kern=\dimen103
LaTeX Info: Redefining \textmicrotypecontext on input line 1334.
\MT@listname@count=\count88

(/usr/local/texlive/2017/texmf-dist/tex/latex/microtype/microtype-pdftex.def
File: microtype-pdftex.def 2017/07/07 v2.7 Definitions specific to pdftex (RS)
LaTeX Info: Redefining \lsstyle on input line 912.
LaTeX Info: Redefining \lslig on input line 912.
\MT@outer@space=\skip43
)
Package microtype Info: Loading configuration file microtype.cfg.

(/usr/local/texlive/2017/texmf-dist/tex/latex/microtype/microtype.cfg
File: microtype.cfg 2017/07/07 v2.7 microtype main configuration file (RS)
))
(/usr/local/texlive/2017/texmf-dist/tex/latex/graphics/graphicx.sty
Package: graphicx 2017/06/01 v1.1a Enhanced LaTeX Graphics (DPC,SPQR)

(/usr/local/texlive/2017/texmf-dist/tex/latex/graphics/graphics.sty
Package: graphics 2017/06/25 v1.2c Standard LaTeX Graphics (DPC,SPQR)

(/usr/local/texlive/2017/texmf-dist/tex/latex/graphics/trig.sty
Package: trig 2016/01/03 v1.10 sin cos tan (DPC)
)
(/usr/local/texlive/2017/texmf-dist/tex/latex/graphics-cfg/graphics.cfg
File: graphics.cfg 2016/06/04 v1.11 sample graphics configuration
)
Package graphics Info: Driver file: pdftex.def on input line 99.

(/usr/local/texlive/2017/texmf-dist/tex/latex/graphics-def/pdftex.def
File: pdftex.def 2017/06/24 v1.0g Graphics/color driver for pdftex
))
\Gin@req@height=\dimen104
\Gin@req@width=\dimen105
)
(/usr/local/texlive/2017/texmf-dist/tex/latex/subfig/subfig.sty
Package: subfig 2005/06/28 ver: 1.3 subfig package

(/usr/local/texlive/2017/texmf-dist/tex/latex/caption/caption.sty
Package: caption 2016/02/21 v3.3-144 Customizing captions (AR)

(/usr/local/texlive/2017/texmf-dist/tex/latex/caption/caption3.sty
Package: caption3 2016/05/22 v1.7-166 caption3 kernel (AR)
Package caption3 Info: TeX engine: e-TeX on input line 67.
\captionmargin=\dimen106
\captionmargin@=\dimen107
\captionwidth=\dimen108
\caption@tempdima=\dimen109
\caption@indent=\dimen110
\caption@parindent=\dimen111
\caption@hangindent=\dimen112
)
\c@ContinuedFloat=\count89
)
\c@KVtest=\count90
\sf@farskip=\skip44
\sf@captopadj=\dimen113
\sf@capskip=\skip45
\sf@nearskip=\skip46
\c@subfigure=\count91
\c@subfigure@save=\count92
\c@lofdepth=\count93
\c@subtable=\count94
\c@subtable@save=\count95
\c@lotdepth=\count96
\sf@top=\skip47
\sf@bottom=\skip48
)
(/usr/local/texlive/2017/texmf-dist/tex/latex/booktabs/booktabs.sty
Package: booktabs 2016/04/27 v1.618033 publication quality tables
\heavyrulewidth=\dimen114
\lightrulewidth=\dimen115
\cmidrulewidth=\dimen116
\belowrulesep=\dimen117
\belowbottomsep=\dimen118
\aboverulesep=\dimen119
\abovetopsep=\dimen120
\cmidrulesep=\dimen121
\cmidrulekern=\dimen122
\defaultaddspace=\dimen123
\@cmidla=\count97
\@cmidlb=\count98
\@aboverulesep=\dimen124
\@belowrulesep=\dimen125
\@thisruleclass=\count99
\@lastruleclass=\count100
\@thisrulewidth=\dimen126
)
(/usr/local/texlive/2017/texmf-dist/tex/latex/hyperref/hyperref.sty
Package: hyperref 2017/03/14 v6.85a Hypertext links for LaTeX

(/usr/local/texlive/2017/texmf-dist/tex/generic/oberdiek/hobsub-hyperref.sty
Package: hobsub-hyperref 2016/05/16 v1.14 Bundle oberdiek, subset hyperref (HO)


(/usr/local/texlive/2017/texmf-dist/tex/generic/oberdiek/hobsub-generic.sty
Package: hobsub-generic 2016/05/16 v1.14 Bundle oberdiek, subset generic (HO)
Package: hobsub 2016/05/16 v1.14 Construct package bundles (HO)
Package: infwarerr 2016/05/16 v1.4 Providing info/warning/error messages (HO)
Package: ltxcmds 2016/05/16 v1.23 LaTeX kernel commands for general use (HO)
Package: ifluatex 2016/05/16 v1.4 Provides the ifluatex switch (HO)
Package ifluatex Info: LuaTeX not detected.
Package: ifvtex 2016/05/16 v1.6 Detect VTeX and its facilities (HO)
Package ifvtex Info: VTeX not detected.
Package: intcalc 2016/05/16 v1.2 Expandable calculations with integers (HO)
Package: ifpdf 2017/03/15 v3.2 Provides the ifpdf switch
Package: etexcmds 2016/05/16 v1.6 Avoid name clashes with e-TeX commands (HO)
Package etexcmds Info: Could not find \expanded.
(etexcmds)             That can mean that you are not using pdfTeX 1.50 or
(etexcmds)             that some package has redefined \expanded.
(etexcmds)             In the latter case, load this package earlier.
Package: kvsetkeys 2016/05/16 v1.17 Key value parser (HO)
Package: kvdefinekeys 2016/05/16 v1.4 Define keys (HO)
Package: pdftexcmds 2017/03/19 v0.25 Utility functions of pdfTeX for LuaTeX (HO
)
Package pdftexcmds Info: LuaTeX not detected.
Package pdftexcmds Info: \pdf@primitive is available.
Package pdftexcmds Info: \pdf@ifprimitive is available.
Package pdftexcmds Info: \pdfdraftmode found.
Package: pdfescape 2016/05/16 v1.14 Implements pdfTeX's escape features (HO)
Package: bigintcalc 2016/05/16 v1.4 Expandable calculations on big integers (HO
)
Package: bitset 2016/05/16 v1.2 Handle bit-vector datatype (HO)
Package: uniquecounter 2016/05/16 v1.3 Provide unlimited unique counter (HO)
)
Package hobsub Info: Skipping package `hobsub' (already loaded).
Package: letltxmacro 2016/05/16 v1.5 Let assignment for LaTeX macros (HO)
Package: hopatch 2016/05/16 v1.3 Wrapper for package hooks (HO)
Package: xcolor-patch 2016/05/16 xcolor patch
Package: atveryend 2016/05/16 v1.9 Hooks at the very end of document (HO)
Package atveryend Info: \enddocument detected (standard20110627).
Package: atbegshi 2016/06/09 v1.18 At begin shipout hook (HO)
Package: refcount 2016/05/16 v3.5 Data extraction from label references (HO)
Package: hycolor 2016/05/16 v1.8 Color options for hyperref/bookmark (HO)
)
(/usr/local/texlive/2017/texmf-dist/tex/generic/ifxetex/ifxetex.sty
Package: ifxetex 2010/09/12 v0.6 Provides ifxetex conditional
)
(/usr/local/texlive/2017/texmf-dist/tex/latex/oberdiek/auxhook.sty
Package: auxhook 2016/05/16 v1.4 Hooks for auxiliary files (HO)
)
(/usr/local/texlive/2017/texmf-dist/tex/latex/oberdiek/kvoptions.sty
Package: kvoptions 2016/05/16 v3.12 Key value format for package options (HO)
)
\@linkdim=\dimen127
\Hy@linkcounter=\count101
\Hy@pagecounter=\count102

(/usr/local/texlive/2017/texmf-dist/tex/latex/hyperref/pd1enc.def
File: pd1enc.def 2017/03/14 v6.85a Hyperref: PDFDocEncoding definition (HO)
)
\Hy@SavedSpaceFactor=\count103

(/usr/local/texlive/2017/texmf-dist/tex/latex/latexconfig/hyperref.cfg
File: hyperref.cfg 2002/06/06 v1.2 hyperref configuration of TeXLive
)
Package hyperref Info: Hyper figures OFF on input line 4498.
Package hyperref Info: Link nesting OFF on input line 4503.
Package hyperref Info: Hyper index ON on input line 4506.
Package hyperref Info: Plain pages OFF on input line 4513.
Package hyperref Info: Backreferencing OFF on input line 4518.
Package hyperref Info: Implicit mode ON; LaTeX internals redefined.
Package hyperref Info: Bookmarks ON on input line 4751.
\c@Hy@tempcnt=\count104

(/usr/local/texlive/2017/texmf-dist/tex/latex/url/url.sty
\Urlmuskip=\muskip10
Package: url 2013/09/16  ver 3.4  Verb mode for urls, etc.
)
LaTeX Info: Redefining \url on input line 5104.
\XeTeXLinkMargin=\dimen128
\Fld@menulength=\count105
\Field@Width=\dimen129
\Fld@charsize=\dimen130
Package hyperref Info: Hyper figures OFF on input line 6358.
Package hyperref Info: Link nesting OFF on input line 6363.
Package hyperref Info: Hyper index ON on input line 6366.
Package hyperref Info: backreferencing OFF on input line 6373.
Package hyperref Info: Link coloring OFF on input line 6378.
Package hyperref Info: Link coloring with OCG OFF on input line 6383.
Package hyperref Info: PDF/A mode OFF on input line 6388.
LaTeX Info: Redefining \ref on input line 6428.
LaTeX Info: Redefining \pageref on input line 6432.
\Hy@abspage=\count106
\c@Item=\count107
\c@Hfootnote=\count108
)

Package hyperref Message: Driver (autodetected): hpdftex.

(/usr/local/texlive/2017/texmf-dist/tex/latex/hyperref/hpdftex.def
File: hpdftex.def 2017/03/14 v6.85a Hyperref driver for pdfTeX
\Fld@listcount=\count109
\c@bookmark@seq@number=\count110

(/usr/local/texlive/2017/texmf-dist/tex/latex/oberdiek/rerunfilecheck.sty
Package: rerunfilecheck 2016/05/16 v1.8 Rerun checks for auxiliary files (HO)
Package uniquecounter Info: New unique counter `rerunfilecheck' on input line 2
82.
)
\Hy@SectionHShift=\skip49
)
(./icml2018.sty
Package: icml2018 2018/01/01 v2.0 ICML Conference Style File
 (/usr/local/texlive/2017/texmf-dist/tex/latex/psnfss/times.sty
Package: times 2005/04/12 PSNFSS-v9.2a (SPQR) 
) (./fancyhdr.sty
\fancy@headwidth=\skip50
\f@ncyO@elh=\skip51
\f@ncyO@erh=\skip52
\f@ncyO@olh=\skip53
\f@ncyO@orh=\skip54
\f@ncyO@elf=\skip55
\f@ncyO@erf=\skip56
\f@ncyO@olf=\skip57
\f@ncyO@orf=\skip58
)
(/usr/local/texlive/2017/texmf-dist/tex/latex/graphics/color.sty
Package: color 2016/07/10 v1.1e Standard LaTeX Color (DPC)

(/usr/local/texlive/2017/texmf-dist/tex/latex/graphics-cfg/color.cfg
File: color.cfg 2016/01/02 v1.6 sample color configuration
)
Package color Info: Driver file: pdftex.def on input line 147.
)
(./algorithm.sty
Package: algorithm 

Document Style `algorithm' - floating environment
(/usr/local/texlive/2017/texmf-dist/tex/latex/float/float.sty
Package: float 2001/11/08 v1.3d Float enhancements (AL)
\c@float@type=\count111
\float@exts=\toks16
\float@box=\box26
\@float@everytoks=\toks17
\@floatcapt=\box27
)
(/usr/local/texlive/2017/texmf-dist/tex/latex/base/ifthen.sty
Package: ifthen 2014/09/29 v1.1c Standard LaTeX ifthen package (DPC)
)
\@float@every@algorithm=\toks18
\c@algorithm=\count112
)
(./algorithmic.sty
Package: algorithmic 

Document Style `algorithmic' - environment
(/usr/local/texlive/2017/texmf-dist/tex/latex/tools/calc.sty
Package: calc 2014/10/28 v4.3 Infix arithmetic (KKT,FJ)
\calc@Acount=\count113
\calc@Bcount=\count114
\calc@Adimen=\dimen131
\calc@Bdimen=\dimen132
\calc@Askip=\skip59
\calc@Bskip=\skip60
LaTeX Info: Redefining \setlength on input line 80.
LaTeX Info: Redefining \addtolength on input line 81.
\calc@Ccount=\count115
\calc@Cskip=\skip61
)
\c@ALC@line=\count116
\c@ALC@rem=\count117
\ALC@tlm=\skip62
)
(/usr/local/texlive/2017/texmf-dist/tex/latex/eso-pic/eso-pic.sty
Package: eso-pic 2015/07/21 v2.0g eso-pic (RN)
)
(/usr/local/texlive/2017/texmf-dist/tex/latex/forloop/forloop.sty
Package: forloop 2006/09/18 v3.0 For Loops for LaTeX
)
(/usr/local/texlive/2017/texmf-dist/tex/latex/natbib/natbib.sty
Package: natbib 2010/09/13 8.31b (PWD, AO)
\bibhang=\skip63
\bibsep=\skip64
LaTeX Info: Redefining \cite on input line 694.
\c@NAT@ctr=\count118
)
Package hyperref Info: Option `colorlinks' set `true' on input line 110.
\titrun=\box28
\c@@affiliationcounter=\count119
\c@@affilnum=\count120
\newcaptionbox=\box29
\newcaptionboxwid=\dimen133
\icmlrulerbox=\box30
\icmlrulercount=\count121
\icmlruleroffset=\dimen134
\cv@lineheight=\dimen135
\cv@boxheight=\dimen136
\cv@tmpbox=\box31
\cv@refno=\count122
\cv@tot=\count123
\cv@tmpc@=\count124
\cv@tmpc=\count125
)
(./GP CNNs and Variance.aux

LaTeX Warning: Label `tab:adv:accuracies' multiply defined.

)
\openout1 = `"GP CNNs and Variance.aux"'.

LaTeX Font Info:    Checking defaults for OML/cmm/m/it on input line 36.
LaTeX Font Info:    ... okay on input line 36.
LaTeX Font Info:    Checking defaults for T1/cmr/m/n on input line 36.
LaTeX Font Info:    ... okay on input line 36.
LaTeX Font Info:    Checking defaults for OT1/cmr/m/n on input line 36.
LaTeX Font Info:    ... okay on input line 36.
LaTeX Font Info:    Checking defaults for OMS/cmsy/m/n on input line 36.
LaTeX Font Info:    ... okay on input line 36.
LaTeX Font Info:    Checking defaults for OMX/cmex/m/n on input line 36.
LaTeX Font Info:    ... okay on input line 36.
LaTeX Font Info:    Checking defaults for U/cmr/m/n on input line 36.
LaTeX Font Info:    ... okay on input line 36.
LaTeX Font Info:    Checking defaults for PD1/pdf/m/n on input line 36.
LaTeX Font Info:    ... okay on input line 36.
LaTeX Font Info:    Try loading font information for OT1+ptm on input line 36.
 (/usr/local/texlive/2017/texmf-dist/tex/latex/psnfss/ot1ptm.fd
File: ot1ptm.fd 2001/06/04 font definitions for OT1/ptm.
)
LaTeX Info: Redefining \microtypecontext on input line 36.
Package microtype Info: Generating PDF output.
Package microtype Info: Character protrusion enabled (level 2).
Package microtype Info: Using default protrusion set `alltext'.
Package microtype Info: Automatic font expansion enabled (level 2),
(microtype)             stretch: 20, shrink: 20, step: 1, non-selected.
Package microtype Info: Using default expansion set `basictext'.
Package microtype Info: No adjustment of tracking.
Package microtype Info: No adjustment of interword spacing.
Package microtype Info: No adjustment of character kerning.

(/usr/local/texlive/2017/texmf-dist/tex/latex/microtype/mt-ptm.cfg
File: mt-ptm.cfg 2006/04/20 v1.7 microtype config. file: Times (RS)
)
(/usr/local/texlive/2017/texmf-dist/tex/context/base/mkii/supp-pdf.mkii
[Loading MPS to PDF converter (version 2006.09.02).]
\scratchcounter=\count126
\scratchdimen=\dimen137
\scratchbox=\box32
\nofMPsegments=\count127
\nofMParguments=\count128
\everyMPshowfont=\toks19
\MPscratchCnt=\count129
\MPscratchDim=\dimen138
\MPnumerator=\count130
\makeMPintoPDFobject=\count131
\everyMPtoPDFconversion=\toks20
) (/usr/local/texlive/2017/texmf-dist/tex/latex/oberdiek/epstopdf-base.sty
Package: epstopdf-base 2016/05/15 v2.6 Base part for package epstopdf

(/usr/local/texlive/2017/texmf-dist/tex/latex/oberdiek/grfext.sty
Package: grfext 2016/05/16 v1.2 Manage graphics extensions (HO)
)
Package epstopdf-base Info: Redefining graphics rule for `.eps' on input line 4
38.
Package grfext Info: Graphics extension search list:
(grfext)             [.pdf,.png,.jpg,.mps,.jpeg,.jbig2,.jb2,.PDF,.PNG,.JPG,.JPE
G,.JBIG2,.JB2,.eps]
(grfext)             \AppendGraphicsExtensions on input line 456.

(/usr/local/texlive/2017/texmf-dist/tex/latex/latexconfig/epstopdf-sys.cfg
File: epstopdf-sys.cfg 2010/07/13 v1.3 Configuration of (r)epstopdf for TeX Liv
e
))
Package caption Info: Begin \AtBeginDocument code.
Package caption Info: subfig package v1.3 is loaded.
Package caption Info: float package is loaded.
Package caption Info: hyperref package is loaded.
Package caption Info: End \AtBeginDocument code.
\AtBeginShipoutBox=\box33
Package hyperref Info: Link coloring ON on input line 36.

(/usr/local/texlive/2017/texmf-dist/tex/latex/hyperref/nameref.sty
Package: nameref 2016/05/21 v2.44 Cross-referencing by name of section

(/usr/local/texlive/2017/texmf-dist/tex/generic/oberdiek/gettitlestring.sty
Package: gettitlestring 2016/05/16 v1.5 Cleanup title references (HO)
)
\c@section@level=\count132
)
LaTeX Info: Redefining \ref on input line 36.
LaTeX Info: Redefining \pageref on input line 36.
LaTeX Info: Redefining \nameref on input line 36.

(./GP CNNs and Variance.out) (./GP CNNs and Variance.out)
\@outlinefile=\write3
\openout3 = `"GP CNNs and Variance.out"'.

LaTeX Font Info:    Font shape `OT1/ptm/bx/n' in size <9> not available
(Font)              Font shape `OT1/ptm/b/n' tried instead on input line 71.
LaTeX Font Info:    Font shape `OT1/ptm/bx/n' in size <14.4> not available
(Font)              Font shape `OT1/ptm/b/n' tried instead on input line 71.
LaTeX Font Info:    Font shape `OT1/ptm/bx/n' in size <10> not available
(Font)              Font shape `OT1/ptm/b/n' tried instead on input line 71.
\c@@affilto=\count133

(/usr/local/texlive/2017/texmf-dist/tex/latex/microtype/mt-cmr.cfg
File: mt-cmr.cfg 2013/05/19 v2.2 microtype config. file: Computer Modern Roman 
(RS)
)
LaTeX Font Info:    External font `cmex10' loaded for size
(Font)              <7> on input line 71.
LaTeX Font Info:    External font `cmex10' loaded for size
(Font)              <5> on input line 71.
LaTeX Font Info:    External font `cmex10' loaded for size
(Font)              <9> on input line 82.
LaTeX Font Info:    External font `cmex10' loaded for size
(Font)              <6> on input line 82.


Package hyperref Warning: Ignoring empty anchor on input line 82.

LaTeX Font Info:    Try loading font information for OML+ptm on input line 82.
(/usr/local/texlive/2017/texmf-dist/tex/latex/psnfss/omlptm.fd
File: omlptm.fd 
)
LaTeX Font Info:    Font shape `OML/ptm/m/n' in size <9> not available
(Font)              Font shape `OML/cmm/m/it' tried instead on input line 82.
LaTeX Font Info:    Font shape `OT1/ptm/bx/n' in size <12> not available
(Font)              Font shape `OT1/ptm/b/n' tried instead on input line 84.

Underfull \vbox (badness 10000) has occurred while \output is active []

 [1{/usr/local/texlive/2017/texmf-var/fonts/map/pdftex/updmap/pdftex.map}



]
<figures/gp_basic.pdf, id=35, pagebox=cropbox, 834.3515pt x 294.87352pt>
File: figures/gp_basic.pdf Graphic file (type pdf)
<use figures/gp_basic.pdf>
Package pdftex.def Info: figures/gp_basic.pdf  used on input line 142. on input
 line 142.
Package pdftex.def Info: Requested size: 234.8775pt x 83.00946pt on input line 
142.

Underfull \vbox (badness 10000) has occurred while \output is active []

 [2 <./figures/gp_basic.pdf>]
Underfull \hbox (badness 2326) in paragraph at lines 213--214
[]\OT1/ptm/m/n/10 (+20) The core li-braries used were Keras ([][]Chol-let et al
.[][],
 []

LaTeX Font Info:    Font shape `OT1/ptm/bx/sc' in size <9> not available
(Font)              Font shape `OT1/ptm/b/sc' tried instead on input line 262.
<figures/mnist/variances_combined.pdf, id=125, pagebox=cropbox, 400.35982pt x 2
81.83041pt>
File: figures/mnist/variances_combined.pdf Graphic file (type pdf)
<use figures/mnist/variances_combined.pdf>
Package pdftex.def Info: figures/mnist/variances_combined.pdf  used on input li
ne 305. on input line 305.
Package pdftex.def Info: Requested size: 234.8775pt x 165.3453pt on input line 
305.
[3]
<figures/mnist/mu_versus_var_combined.pdf, id=145, pagebox=cropbox, 419.52483pt
 x 327.20317pt>
File: figures/mnist/mu_versus_var_combined.pdf Graphic file (type pdf)
<use figures/mnist/mu_versus_var_combined.pdf>
Package pdftex.def Info: figures/mnist/mu_versus_var_combined.pdf  used on inpu
t line 322. on input line 322.
Package pdftex.def Info: Requested size: 234.8775pt x 183.19258pt on input line
 322.
<figures/mnist/venn-Linear-Matern32-Kernel-GP.pdf, id=147, pagebox=cropbox, 245
.51726pt x 236.9707pt>
File: figures/mnist/venn-Linear-Matern32-Kernel-GP.pdf Graphic file (type pdf)
<use figures/mnist/venn-Linear-Matern32-Kernel-GP.pdf>
Package pdftex.def Info: figures/mnist/venn-Linear-Matern32-Kernel-GP.pdf  used
 on input line 382. on input line 382.
Package pdftex.def Info: Requested size: 122.75832pt x 118.48506pt on input lin
e 382.
<figures/mnist/both_incorrect_example_linear.pdf, id=150, pagebox=cropbox, 304.
86974pt x 301.81143pt>
File: figures/mnist/both_incorrect_example_linear.pdf Graphic file (type pdf)
<use figures/mnist/both_incorrect_example_linear.pdf>
Package pdftex.def Info: figures/mnist/both_incorrect_example_linear.pdf  used 
on input line 392. on input line 392.
Package pdftex.def Info: Requested size: 28.45274pt x 28.1658pt on input line 3
92.

Underfull \hbox (badness 10000) in paragraph at lines 392--392
[]\OT1/ptm/m/n/9 (+20) (a)
 []


Underfull \hbox (badness 10000) in paragraph at lines 392--392
|\OT1/ptm/m/n/9 (+20) Hard
 []

<figures/mnist/both_incorrect_cnn_probs.pdf, id=151, pagebox=cropbox, 415.10205
pt x 330.68494pt>
File: figures/mnist/both_incorrect_cnn_probs.pdf Graphic file (type pdf)
<use figures/mnist/both_incorrect_cnn_probs.pdf>
Package pdftex.def Info: figures/mnist/both_incorrect_cnn_probs.pdf  used on in
put line 396. on input line 396.
Package pdftex.def Info: Requested size: 170.71652pt x 136.0005pt on input line
 396.
<figures/mnist/both_incorrect_gp_linear_probs.pdf, id=152, pagebox=cropbox, 415
.10205pt x 330.68494pt>
File: figures/mnist/both_incorrect_gp_linear_probs.pdf Graphic file (type pdf)
<use figures/mnist/both_incorrect_gp_linear_probs.pdf>
Package pdftex.def Info: figures/mnist/both_incorrect_gp_linear_probs.pdf  used
 on input line 398. on input line 398.
Package pdftex.def Info: Requested size: 170.71652pt x 136.0005pt on input line
 398.

Overfull \hbox (1.90001pt too wide) in paragraph at lines 390--400
[]$[]$ $[]$ 
 []


LaTeX Warning: `!h' float specifier changed to `!ht'.

<figures/mnist/cnn_incorrect_only_example_linear.pdf, id=153, pagebox=cropbox, 
304.86974pt x 301.81143pt>
File: figures/mnist/cnn_incorrect_only_example_linear.pdf Graphic file (type pd
f)
<use figures/mnist/cnn_incorrect_only_example_linear.pdf>
Package pdftex.def Info: figures/mnist/cnn_incorrect_only_example_linear.pdf  u
sed on input line 411. on input line 411.
Package pdftex.def Info: Requested size: 28.45274pt x 28.1658pt on input line 4
11.

Underfull \hbox (badness 10000) in paragraph at lines 411--411
\OT1/ptm/m/n/9 (+20) Mis-clas-
 []

<figures/mnist/cnn_incorrect_only_cnn_probs.pdf, id=154, pagebox=cropbox, 415.1
0205pt x 330.68494pt>
File: figures/mnist/cnn_incorrect_only_cnn_probs.pdf Graphic file (type pdf)
<use figures/mnist/cnn_incorrect_only_cnn_probs.pdf>
Package pdftex.def Info: figures/mnist/cnn_incorrect_only_cnn_probs.pdf  used o
n input line 413. on input line 413.
Package pdftex.def Info: Requested size: 112.38829pt x 89.53337pt on input line
 413.
<figures/mnist/cnn_incorrect_only_gp_linear_probs.pdf, id=155, pagebox=cropbox,
 415.10205pt x 330.68494pt>
File: figures/mnist/cnn_incorrect_only_gp_linear_probs.pdf Graphic file (type p
df)
<use figures/mnist/cnn_incorrect_only_gp_linear_probs.pdf>
Package pdftex.def Info: figures/mnist/cnn_incorrect_only_gp_linear_probs.pdf  
used on input line 416. on input line 416.
Package pdftex.def Info: Requested size: 112.38829pt x 89.53337pt on input line
 416.
<figures/mnist/gp_incorrect_only_example_linear.pdf, id=156, pagebox=cropbox, 3
04.86974pt x 301.81143pt>
File: figures/mnist/gp_incorrect_only_example_linear.pdf Graphic file (type pdf
)
<use figures/mnist/gp_incorrect_only_example_linear.pdf>
Package pdftex.def Info: figures/mnist/gp_incorrect_only_example_linear.pdf  us
ed on input line 422. on input line 422.
Package pdftex.def Info: Requested size: 28.45274pt x 28.1658pt on input line 4
22.

Underfull \hbox (badness 10000) in paragraph at lines 422--422
[]\OT1/ptm/m/n/9 (+20) (d) |GP
 []


Underfull \hbox (badness 10000) in paragraph at lines 422--422
\OT1/ptm/m/n/9 (+20) Mis-clas-
 []

<figures/mnist/gp_incorrect_only_cnn_probs.pdf, id=157, pagebox=cropbox, 415.10
205pt x 330.68494pt>
File: figures/mnist/gp_incorrect_only_cnn_probs.pdf Graphic file (type pdf)
<use figures/mnist/gp_incorrect_only_cnn_probs.pdf>
Package pdftex.def Info: figures/mnist/gp_incorrect_only_cnn_probs.pdf  used on
 input line 424. on input line 424.
Package pdftex.def Info: Requested size: 112.38829pt x 89.53337pt on input line
 424.
<figures/mnist/gp_incorrect_only_gp_linear_probs.pdf, id=158, pagebox=cropbox, 
415.10205pt x 330.68494pt>
File: figures/mnist/gp_incorrect_only_gp_linear_probs.pdf Graphic file (type pd
f)
<use figures/mnist/gp_incorrect_only_gp_linear_probs.pdf>
Package pdftex.def Info: figures/mnist/gp_incorrect_only_gp_linear_probs.pdf  u
sed on input line 427. on input line 427.
Package pdftex.def Info: Requested size: 112.38829pt x 89.53337pt on input line
 427.
[4 <./figures/mnist/variances_combined.pdf> <./figures/mnist/mu_versus_var_comb
ined.pdf

pdfTeX warning: pdflatex (file ./figures/mnist/mu_versus_var_combined.pdf): PDF
 inclusion: multiple pdfs with page group included in a single page
> <./figures/mnist/venn-Linear-Matern32-Kernel-GP.pdf

pdfTeX warning: pdflatex (file ./figures/mnist/venn-Linear-Matern32-Kernel-GP.p
df): PDF inclusion: multiple pdfs with page group included in a single page
>] [5 <./figures/mnist/both_incorrect_example_linear.pdf> <./figures/mnist/both
_incorrect_cnn_probs.pdf

pdfTeX warning: pdflatex (file ./figures/mnist/both_incorrect_cnn_probs.pdf): P
DF inclusion: multiple pdfs with page group included in a single page
> <./figures/mnist/both_incorrect_gp_linear_probs.pdf

pdfTeX warning: pdflatex (file ./figures/mnist/both_incorrect_gp_linear_probs.p
df): PDF inclusion: multiple pdfs with page group included in a single page
> <./figures/mnist/cnn_incorrect_only_example_linear.pdf

pdfTeX warning: pdflatex (file ./figures/mnist/cnn_incorrect_only_example_linea
r.pdf): PDF inclusion: multiple pdfs with page group included in a single page
> <./figures/mnist/cnn_incorrect_only_cnn_probs.pdf

pdfTeX warning: pdflatex (file ./figures/mnist/cnn_incorrect_only_cnn_probs.pdf
): PDF inclusion: multiple pdfs with page group included in a single page
> <./figures/mnist/cnn_incorrect_only_gp_linear_probs.pdf

pdfTeX warning: pdflatex (file ./figures/mnist/cnn_incorrect_only_gp_linear_pro
bs.pdf): PDF inclusion: multiple pdfs with page group included in a single page

> <./figures/mnist/gp_incorrect_only_example_linear.pdf

pdfTeX warning: pdflatex (file ./figures/mnist/gp_incorrect_only_example_linear
.pdf): PDF inclusion: multiple pdfs with page group included in a single page
> <./figures/mnist/gp_incorrect_only_cnn_probs.pdf

pdfTeX warning: pdflatex (file ./figures/mnist/gp_incorrect_only_cnn_probs.pdf)
: PDF inclusion: multiple pdfs with page group included in a single page
> <./figures/mnist/gp_incorrect_only_gp_linear_probs.pdf

pdfTeX warning: pdflatex (file ./figures/mnist/gp_incorrect_only_gp_linear_prob
s.pdf): PDF inclusion: multiple pdfs with page group included in a single page
>]
<./images/awgn_95.png, id=563, 140.525pt x 140.525pt>
File: ./images/awgn_95.png Graphic file (type png)
<use ./images/awgn_95.png>
Package pdftex.def Info: ./images/awgn_95.png  used on input line 481. on input
 line 481.
Package pdftex.def Info: Requested size: 70.46396pt x 70.46387pt on input line 
481.
<./images/motion_blur_15_5.png, id=564, 140.525pt x 140.525pt>
File: ./images/motion_blur_15_5.png Graphic file (type png)
<use ./images/motion_blur_15_5.png>
Package pdftex.def Info: ./images/motion_blur_15_5.png  used on input line 485.
 on input line 485.
Package pdftex.def Info: Requested size: 70.46396pt x 70.46387pt on input line 
485.
<./images/contrast_2_12.png, id=565, 140.525pt x 140.525pt>
File: ./images/contrast_2_12.png Graphic file (type png)
<use ./images/contrast_2_12.png>
Package pdftex.def Info: ./images/contrast_2_12.png  used on input line 488. on
 input line 488.
Package pdftex.def Info: Requested size: 70.46396pt x 70.46387pt on input line 
488.
LaTeX Font Info:    Try loading font information for OT1+pcr on input line 490.

 (/usr/local/texlive/2017/texmf-dist/tex/latex/psnfss/ot1pcr.fd
File: ot1pcr.fd 2001/06/04 font definitions for OT1/pcr.
)
Package microtype Info: Loading generic protrusion settings for font family
(microtype)             `pcr' (encoding: OT1).
(microtype)             For optimal results, create family-specific settings.
(microtype)             See the microtype manual for details.


LaTeX Warning: Reference `fig:nmnist:accuracies' on page 6 undefined on input l
ine 498.


Underfull \vbox (badness 7704) has occurred while \output is active []

<./figures/nmnist/awgn_variances_combined.pdf, id=570, pagebox=cropbox, 429.360
96pt x 327.20317pt>
File: ./figures/nmnist/awgn_variances_combined.pdf Graphic file (type pdf)
<use ./figures/nmnist/awgn_variances_combined.pdf>
Package pdftex.def Info: ./figures/nmnist/awgn_variances_combined.pdf  used on 
input line 546. on input line 546.
Package pdftex.def Info: Requested size: 187.90271pt x 143.19096pt on input lin
e 546.
<./figures/nmnist/blur_variances_combined.pdf, id=571, pagebox=cropbox, 420.803
04pt x 327.20317pt>
File: ./figures/nmnist/blur_variances_combined.pdf Graphic file (type pdf)
<use ./figures/nmnist/blur_variances_combined.pdf>
Package pdftex.def Info: ./figures/nmnist/blur_variances_combined.pdf  used on 
input line 551. on input line 551.
Package pdftex.def Info: Requested size: 187.90271pt x 146.1067pt on input line
 551.
<./figures/nmnist/lowcontrast_variances_combined.pdf, id=572, pagebox=cropbox, 
420.80304pt x 327.20317pt>
File: ./figures/nmnist/lowcontrast_variances_combined.pdf Graphic file (type pd
f)
<use ./figures/nmnist/lowcontrast_variances_combined.pdf>
Package pdftex.def Info: ./figures/nmnist/lowcontrast_variances_combined.pdf  u
sed on input line 555. on input line 555.
Package pdftex.def Info: Requested size: 187.90271pt x 146.1067pt on input line
 555.

Underfull \vbox (badness 7740) has occurred while \output is active []

 [6 <./images/awgn_95.png (PNG copy)> <./images/motion_blur_15_5.png (PNG copy)
> <./images/contrast_2_12.png (PNG copy)> <./figures/nmnist/awgn_variances_comb
ined.pdf> <./figures/nmnist/blur_variances_combined.pdf

pdfTeX warning: pdflatex (file ./figures/nmnist/blur_variances_combined.pdf): P
DF inclusion: multiple pdfs with page group included in a single page
> <./figures/nmnist/lowcontrast_variances_combined.pdf

pdfTeX warning: pdflatex (file ./figures/nmnist/lowcontrast_variances_combined.
pdf): PDF inclusion: multiple pdfs with page group included in a single page
>]

LaTeX Warning: Reference `tabtab:adv:accuracies' on page 7 undefined on input l
ine 600.

<./figures/adversarial/epsilons.pdf, id=723, pagebox=cropbox, 462.52798pt x 346
.89601pt>
File: ./figures/adversarial/epsilons.pdf Graphic file (type pdf)
<use ./figures/adversarial/epsilons.pdf>
Package pdftex.def Info: ./figures/adversarial/epsilons.pdf  used on input line
 609. on input line 609.
Package pdftex.def Info: Requested size: 234.8775pt x 176.15768pt on input line
 609.

LaTeX Warning: `!h' float specifier changed to `!ht'.


Underfull \vbox (badness 10000) has occurred while \output is active []

 [7 <./figures/adversarial/epsilons.pdf>]
Underfull \vbox (badness 10000) has occurred while \output is active []


Underfull \hbox (badness 10000) in paragraph at lines 651--652
[][][]$\OT1/pcr/m/n/10 https : / / github . com / flyingsilverfin / CNN _
 []

(./GP CNNs and Variance.bbl [8])
Package atveryend Info: Empty hook `BeforeClearDocument' on input line 668.
 [9]
Package atveryend Info: Empty hook `AfterLastShipout' on input line 668.
 (./GP CNNs and Variance.aux)
Package atveryend Info: Executing hook `AtVeryEndDocument' on input line 668.
Package atveryend Info: Executing hook `AtEndAfterFileList' on input line 668.
Package rerunfilecheck Info: File `"GP CNNs and Variance".out' has not changed.

(rerunfilecheck)             Checksum: D41D8CD98F00B204E9800998ECF8427E;0.


LaTeX Warning: There were undefined references.


LaTeX Warning: There were multiply-defined labels.

Package atveryend Info: Empty hook `AtVeryVeryEnd' on input line 668.
 ) 
Here is how much of TeX's memory you used:
 9492 strings out of 492990
 150289 string characters out of 6132620
 270435 words of memory out of 5000000
 12556 multiletter control sequences out of 15000+600000
 42546 words of font info for 218 fonts, out of 8000000 for 9000
 1141 hyphenation exceptions out of 8191
 44i,12n,49p,876b,449s stack positions out of 5000i,500n,10000p,200000b,80000s
{/usr/local/texlive/2017/texmf-dist/fonts/enc/dvips/base/8r.enc}</usr/local/t
exlive/2017/texmf-dist/fonts/type1/public/amsfonts/cm/cmex10.pfb></usr/local/te
xlive/2017/texmf-dist/fonts/type1/public/amsfonts/cm/cmmi10.pfb></usr/local/tex
live/2017/texmf-dist/fonts/type1/public/amsfonts/cm/cmmi5.pfb></usr/local/texli
ve/2017/texmf-dist/fonts/type1/public/amsfonts/cm/cmmi7.pfb></usr/local/texlive
/2017/texmf-dist/fonts/type1/public/amsfonts/cm/cmmi9.pfb></usr/local/texlive/2
017/texmf-dist/fonts/type1/public/amsfonts/cm/cmr10.pfb></usr/local/texlive/201
7/texmf-dist/fonts/type1/public/amsfonts/cm/cmr7.pfb></usr/local/texlive/2017/t
exmf-dist/fonts/type1/public/amsfonts/cm/cmsy10.pfb></usr/local/texlive/2017/te
xmf-dist/fonts/type1/urw/courier/ucrr8a.pfb></usr/local/texlive/2017/texmf-dist
/fonts/type1/urw/times/utmb8a.pfb></usr/local/texlive/2017/texmf-dist/fonts/typ
e1/urw/times/utmr8a.pfb></usr/local/texlive/2017/texmf-dist/fonts/type1/urw/tim
es/utmr8a.pfb></usr/local/texlive/2017/texmf-dist/fonts/type1/urw/times/utmri8a
.pfb>
Output written on "GP CNNs and Variance.pdf" (9 pages, 457544 bytes).
PDF statistics:
 879 PDF objects out of 1000 (max. 8388607)
 360 compressed objects within 4 object streams
 95 named destinations out of 1000 (max. 500000)
 38501 words of extra memory for PDF output out of 42996 (max. 10000000)

